Tue Mar 21 00:12:23 2023
Windows-10-10.0.22621
Ren'Py 8.0.3.22090809
 

Bootstrap to the start of init.init took 0.03s
Early init took 0.00s
Loader init took 0.02s
Loading error handling took 0.02s
Loading script took 0.09s
Loading save slot metadata. took 0.02s
Loading persistent took 0.00s
Faled to initialize steam: FileNotFoundError("Could not find module 'C:\\renpy-8.0.3-sdk\\lib\\py3-windows-x86_64\\steam_api64.dll' (or one of its dependencies). Try using the full path with constructor syntax.")
Running init code took 0.04s
Loading analysis data took 0.01s
Analyze and compile ATL took 0.00s
Index archives took 0.00s
Dump and make backups. took 0.03s
Cleaning cache took 0.00s
Making clean stores took 0.00s
Initial gc. took 0.03s
DPI scale factor: 1.000000
nvdrs: Loaded, about to disable thread optimizations.
nvdrs: Disabled thread optimizations.
Creating interface object took 0.21s
Cleaning stores took 0.00s
Init translation took 0.06s
Build styles took 0.00s
Load screen analysis took 0.02s
Analyze screens took 0.00s
Save screen analysis took 0.00s
Prepare screens took 0.04s
Save pyanalysis. took 0.00s
Save bytecode. took 0.00s
Running _start took 0.00s
Performance test:
Interface start took 0.08s

Initializing gl2 renderer:
primary display bounds: (0, 0, 1920, 1080)
swap interval: 1 frames
Windowed mode.
Vendor: "b'NVIDIA Corporation'"
Renderer: b'NVIDIA GeForce RTX 3060/PCIe/SSE2'
Version: b'4.6.0 NVIDIA 531.18'
Display Info: None
Screen sizes: virtual=(1920, 1080) physical=(1739, 978) drawable=(1739, 978)
Maximum texture size: 4096x4096

Full traceback:
  File "game/script.rpy", line 2888, in script
    grusha "О, ты очнулся!"
  File "C:\renpy-8.0.3-sdk\renpy\ast.py", line 881, in execute
    who = eval_who(self.who, self.who_fast)
  File "C:\renpy-8.0.3-sdk\renpy\ast.py", line 774, in eval_who
    raise Exception("Sayer '%s' is not defined." % who)
Exception: Sayer 'grusha' is not defined.

While running game code:
  File "game/script.rpy", line 2888, in script
    grusha "О, ты очнулся!"
Exception: Sayer 'grusha' is not defined.

Full traceback:
  File "game/script.rpy", line 2891, in script
    grusha "Рот открой."
  File "C:\renpy-8.0.3-sdk\renpy\ast.py", line 881, in execute
    who = eval_who(self.who, self.who_fast)
  File "C:\renpy-8.0.3-sdk\renpy\ast.py", line 774, in eval_who
    raise Exception("Sayer '%s' is not defined." % who)
Exception: Sayer 'grusha' is not defined.

While running game code:
  File "game/script.rpy", line 2891, in script
    grusha "Рот открой."
Exception: Sayer 'grusha' is not defined.

Full traceback:
  File "game/script.rpy", line 2895, in script
    grusha "Полегчало?"
  File "C:\renpy-8.0.3-sdk\renpy\ast.py", line 881, in execute
    who = eval_who(self.who, self.who_fast)
  File "C:\renpy-8.0.3-sdk\renpy\ast.py", line 774, in eval_who
    raise Exception("Sayer '%s' is not defined." % who)
Exception: Sayer 'grusha' is not defined.

While running game code:
  File "game/script.rpy", line 2895, in script
    grusha "Полегчало?"
Exception: Sayer 'grusha' is not defined.

Full traceback:
  File "game/script.rpy", line 2898, in script
    grusha "Я Агриппина Владимировна, твой ангел хранитель на случай, если опять перепьешь. А находишься ты в раю, где ставят на ноги таких как ты."
  File "C:\renpy-8.0.3-sdk\renpy\ast.py", line 881, in execute
    who = eval_who(self.who, self.who_fast)
  File "C:\renpy-8.0.3-sdk\renpy\ast.py", line 774, in eval_who
    raise Exception("Sayer '%s' is not defined." % who)
Exception: Sayer 'grusha' is not defined.

While running game code:
  File "game/script.rpy", line 2898, in script
    grusha "Я Агриппина Владимировна, твой ангел хранитель на случай, если опять перепьешь. А находишься ты в раю, где ставят на ноги таких как ты."
Exception: Sayer 'grusha' is not defined.

Full traceback:
  File "game/script.rpy", line 2900, in script
    grusha "Б, дурында, еще раз тут появишься - рассолом буду отпаивать. Такой молодой, а уже... эх!"
  File "C:\renpy-8.0.3-sdk\renpy\ast.py", line 881, in execute
    who = eval_who(self.who, self.who_fast)
  File "C:\renpy-8.0.3-sdk\renpy\ast.py", line 774, in eval_who
    raise Exception("Sayer '%s' is not defined." % who)
Exception: Sayer 'grusha' is not defined.

While running game code:
  File "game/script.rpy", line 2900, in script
    grusha "Б, дурында, еще раз тут появишься - рассолом буду отпаивать. Такой молодой, а уже... эх!"
Exception: Sayer 'grusha' is not defined.

Full traceback:
  File "game/script.rpy", line 2908, in script
    grusha "На! Выпьешь после обеда чтобы до конца все токсины вывести."
  File "C:\renpy-8.0.3-sdk\renpy\ast.py", line 881, in execute
    who = eval_who(self.who, self.who_fast)
  File "C:\renpy-8.0.3-sdk\renpy\ast.py", line 774, in eval_who
    raise Exception("Sayer '%s' is not defined." % who)
Exception: Sayer 'grusha' is not defined.

While running game code:
  File "game/script.rpy", line 2908, in script
    grusha "На! Выпьешь после обеда чтобы до конца все токсины вывести."
Exception: Sayer 'grusha' is not defined.

Full traceback:
  File "game/script.rpy", line 2910, in script
    grusha "Пожалуйста, идти можешь?"
  File "C:\renpy-8.0.3-sdk\renpy\ast.py", line 881, in execute
    who = eval_who(self.who, self.who_fast)
  File "C:\renpy-8.0.3-sdk\renpy\ast.py", line 774, in eval_who
    raise Exception("Sayer '%s' is not defined." % who)
Exception: Sayer 'grusha' is not defined.

While running game code:
  File "game/script.rpy", line 2910, in script
    grusha "Пожалуйста, идти можешь?"
Exception: Sayer 'grusha' is not defined.

Full traceback:
  File "game/script.rpy", line 2912, in script
    grusha "Ну так иди нахуй отсюда!"
  File "C:\renpy-8.0.3-sdk\renpy\ast.py", line 881, in execute
    who = eval_who(self.who, self.who_fast)
  File "C:\renpy-8.0.3-sdk\renpy\ast.py", line 774, in eval_who
    raise Exception("Sayer '%s' is not defined." % who)
Exception: Sayer 'grusha' is not defined.

While running game code:
  File "game/script.rpy", line 2912, in script
    grusha "Ну так иди нахуй отсюда!"
Exception: Sayer 'grusha' is not defined.
Cleaning stores took 0.00s
Init translation took 0.00s
Build styles took 0.00s
Load screen analysis took 0.01s
Analyze screens took 0.00s
Prepare screens took 0.00s
Running _start took 0.00s
